<?xml version="1.0" encoding="UTF-8"?>
<!-- Generated by org.testng.reporters.JUnitReportReporter -->
<testsuite name="testng.A" tests="2" time="53.742" ignored="0" failures="0" timestamp="25 Dec 2019 09:43:52 GMT" skipped="0" hostname="LAPTOP-K28EKLKS" errors="0">
  <testcase name="tc3" time="24.815" classname="testng.A"/>
  <testcase name="tc4" time="28.927" classname="testng.A"/>
</testsuite> <!-- testng.A -->
