<?xml version="1.0" encoding="UTF-8"?>
<!-- Generated by org.testng.reporters.JUnitReportReporter -->
<testsuite name="testng.TestNGdemo" tests="2" time="28.816" ignored="0" failures="0" timestamp="22 Dec 2019 13:28:48 GMT" skipped="0" hostname="LAPTOP-K28EKLKS" errors="0">
  <testcase name="tc1" time="11.191" classname="testng.TestNGdemo"/>
  <testcase name="tc1" time="17.625" classname="testng.TestNGdemo"/>
</testsuite> <!-- testng.TestNGdemo -->
