<?xml version="1.0" encoding="UTF-8"?>
<!-- Generated by org.testng.reporters.JUnitReportReporter -->
<testsuite name="testng.B" tests="2" time="87.017" ignored="0" failures="0" timestamp="25 Dec 2019 10:04:17 GMT" skipped="0" hostname="LAPTOP-K28EKLKS" errors="0">
  <testcase name="tc2" time="34.979" classname="testng.B"/>
  <testcase name="tc2" time="52.038" classname="testng.B"/>
</testsuite> <!-- testng.B -->
